<.xml_ua.py:52> __init__(): 
	 stack: xml_ua.py: 53: __init__
	 stack: __init__.py: 36: classFactory
	 stack: utils.py: 423: _startPlugin
	 stack: utils.py: 443: startPlugin
	 stack: Plugin.py: 343: reloadPlugin
	 stack: Plugin.py: 285: run
<.xml_ua.py:97> tr(): 
<.xml_ua.py:180> initGui(): 
<.xml_ua.py:97> tr(): 
<.xml_ua.py:151> add_action(): 
<.xml_ua.py:229> run(): 
<.xml_ua_dockwidget.py:220> __init__(): 
<.custom_tree_view.py:14> __init__(): self: <xml_ua.custom_tree_view.CustomTreeView object at 0x00000272807FC280>
<.xml_ua_dockwidget.py:245> __init__(): self.tableViewMetadata = <PyQt5.QtWidgets.QTableView object at 0x00000272807FC0D0>
<.xml_ua_dockwidget.py:262> add_menu_buttons(): 
<.xml_ua_dockwidget.py:338> process_action_open(): xml_path = C:/Users/MacBook Pro/AppData/Roaming/QGIS/QGIS3/profiles/PL/python/plugins/xml_ua/templates/4625586200060002802.xml
<.custom_tree_view.py:45> load_xml_to_tree_view(): C:/Users/MacBook Pro/AppData/Roaming/QGIS/QGIS3/profiles/PL/python/plugins/xml_ua/templates/4625586200060002802.xml, C:\Users/MacBook Pro/AppData/Roaming/QGIS/QGIS3\profiles\PL/python/plugins\xml_ua/templates/UAXML.xsd
<.custom_tree_view.py:76> load_xsd_descriptions(): xsd_path = C:\Users/MacBook Pro/AppData/Roaming/QGIS/QGIS3\profiles\PL/python/plugins\xml_ua/templates/UAXML.xsd
<.custom_tree_view.py:58> load_xml_to_tree_view(): XML не відповідає XSD:
file:/C:/Users/MacBook%20Pro/AppData/Roaming/QGIS/QGIS3/profiles/PL/python/plugins/xml_ua/templates/4625586200060002802.xml:36:0:ERROR:SCHEMASV:SCHEMAV_ELEMENT_CONTENT: Element 'Executor': Missing child element(s). Expected is ( Qualification ).
file:/C:/Users/MacBook%20Pro/AppData/Roaming/QGIS/QGIS3/profiles/PL/python/plugins/xml_ua/templates/4625586200060002802.xml:357:0:ERROR:SCHEMASV:SCHEMAV_ELEMENT_CONTENT: Element 'Address': Missing child element(s). Expected is one of ( ZIP, Region, District, Block ).
file:/C:/Users/MacBook%20Pro/AppData/Roaming/QGIS/QGIS3/profiles/PL/python/plugins/xml_ua/templates/4625586200060002802.xml:455:0:ERROR:SCHEMASV:SCHEMAV_ELEMENT_CONTENT: Element 'Address': Missing child element(s). Expected is one of ( Street, Building, Block, BuildingUnit ).
file:/C:/Users/MacBook%20Pro/AppData/Roaming/QGIS/QGIS3/profiles/PL/python/plugins/xml_ua/templates/4625586200060002802.xml:465:0:ERROR:SCHEMASV:SCHEMAV_ELEMENT_CONTENT: Element 'AdjacentUnitInfo': Missing child element(s). Expected is one of ( AdjacentBoundary, Conflict, Proprietor ).
<.custom_tree_view.py:234> expand_initial_elements(): 
<.custom_tree_view.py:272> set_column_width(): self: <xml_ua.custom_tree_view.CustomTreeView object at 0x00000272807FC280>
<.xml_ua_layers.py:31> __init__(): xmlUaLayers._id_counter = 1
<.xml_ua_layers.py:71> createGroup(): 
<.xml_ua_layers.py:79> createGroup(): 
	Групу '4625586200060002802::1' не знайдено.
<.xml_ua_layers.py:82> createGroup(): 
	Групу '4625586200060002802::1' створено.
<.xml_ua_layers.py:94> importPoints(): 
<.xml_ua_layers.py:13> XY(): 
<.xml_ua_layers.py:13> XY(): 
<.xml_ua_layers.py:13> XY(): 
<.xml_ua_layers.py:13> XY(): 
<.xml_ua_layers.py:13> XY(): 
<.xml_ua_layers.py:13> XY(): 
<.xml_ua_layers.py:13> XY(): 
<.xml_ua_layers.py:136> importPoints(): 
   UIDP Point
	'1' (5428779.79, 1260106.64)
	'2' (5428926.86, 1260196.32)
	'3' (5428888.77, 1260251.91)
	'4' (5428738.27, 1260179.85)
	'5' (5428685.96, 1260042.93)
	'6' (5428934.09, 1260193.32)
	'7' (5428619.05, 1260119.11)
<.xml_ua_layers.py:473> importPickets(): 
	layer_name = Пікети
<.xml_ua_layers.py:458> removeLayer(): 
	Пікети
<.xml_ua_layers.py:468> removeLayer(): 
	 Нема шарів для видалення.
<.xml_ua_layers.py:495> importPickets(): 
	Шар 'Пікети' додано до групи '4625586200060002802::1'.
<.xml_ua_layers.py:142> importLines(): 
<.xml_ua_layers.py:162> importLines(): 
    ULID [Point list]:
	 "1" ['1', '2']
	 "2" ['2', '3']
	 "3" ['3', '4']
	 "4" ['4', '1']
	 "5" ['5', '1']
	 "6" ['2', '6']
	 "7" ['4', '7']
<.xml_ua_layers.py:411> importZone(): 
<.xml_ua_layers.py:422> importZone(): 
	zone_id = 4625586200:06
<.xml_ua_layers.py:428> importZone(): 
	.//Externals/Boundary/Lines
	<Element 'Lines' at 0x00000272807680E0>
<.xml_ua_layers.py:178> linesToCoordinates(): 
	<Element 'Lines' at 0x00000272807680E0>
<.xml_ua_layers.py:196> linesToCoordinates(): 
   ULID:
	"1" <Element 'Line' at 0x0000027280768A90>
	"2" <Element 'Line' at 0x0000027280768D60>
	"3" <Element 'Line' at 0x0000027280768950>
	"4" <Element 'Line' at 0x0000027280768900>
<.xml_ua_layers.py:13> XY(): 
<.xml_ua_layers.py:13> XY(): 
<.xml_ua_layers.py:13> XY(): 
<.xml_ua_layers.py:13> XY(): 
<.xml_ua_layers.py:13> XY(): 
<.xml_ua_layers.py:437> importZone(): 
	 external_coords: 
	 1. (5428779.79, 1260106.64)
	 2. (5428926.86, 1260196.32)
	 3. (5428888.77, 1260251.91)
	 4. (5428738.27, 1260179.85)
	 5. (5428779.79, 1260106.64)
<.xml_ua_layers.py:440> importZone(): 
	.//Internals/Boundary/Lines
	<Element 'Lines' at 0x00000272807680E0>
<.xml_ua_layers.py:13> XY(): 
<.xml_ua_layers.py:13> XY(): 
<.xml_ua_layers.py:13> XY(): 
<.xml_ua_layers.py:13> XY(): 
<.xml_ua_layers.py:13> XY(): 
<.xml_ua_layers.py:239> coordToPolygon(): 
	coordinates: 
	 1. (5428779.79, 1260106.64)
	 2. (5428926.86, 1260196.32)
	 3. (5428888.77, 1260251.91)
	 4. (5428738.27, 1260179.85)
	 5. (5428779.79, 1260106.64)
<.xml_ua_layers.py:313> importQuartal(): 
<.xml_ua_layers.py:335> importQuartal(): 
	  Квартал: 000
<.xml_ua_layers.py:336> importQuartal(): 
	  Голова місцевої влади: {'LastName': 'Крук', 'FirstName': 'Ірина', 'MiddleName': 'Вікторівна'}
<.xml_ua_layers.py:337> importQuartal(): 
	  Голова ДКЗР: {'LastName': 'Вишотравка', 'FirstName': 'Ігор', 'MiddleName': 'Степанович'}
<.xml_ua_layers.py:352> importQuartal(): 
	.//Externals/Boundary/Lines
	<Element 'Lines' at 0x00000272807725E0>
<.xml_ua_layers.py:178> linesToCoordinates(): 
	<Element 'Lines' at 0x00000272807725E0>
<.xml_ua_layers.py:196> linesToCoordinates(): 
   ULID:
	"1" <Element 'Line' at 0x0000027280772770>
	"2" <Element 'Line' at 0x0000027280772900>
	"3" <Element 'Line' at 0x0000027280772DB0>
	"4" <Element 'Line' at 0x0000027280772220>
<.xml_ua_layers.py:13> XY(): 
<.xml_ua_layers.py:13> XY(): 
<.xml_ua_layers.py:13> XY(): 
<.xml_ua_layers.py:13> XY(): 
<.xml_ua_layers.py:13> XY(): 
<.xml_ua_layers.py:361> importQuartal(): 
	 external_coords: 
	 1. (5428779.79, 1260106.64)
	 2. (5428926.86, 1260196.32)
	 3. (5428888.77, 1260251.91)
	 4. (5428738.27, 1260179.85)
	 5. (5428779.79, 1260106.64)
<.xml_ua_layers.py:364> importQuartal(): 
	.//Internals/Boundary/Lines
	<Element 'Lines' at 0x00000272807725E0>
<.xml_ua_layers.py:13> XY(): 
<.xml_ua_layers.py:13> XY(): 
<.xml_ua_layers.py:13> XY(): 
<.xml_ua_layers.py:13> XY(): 
<.xml_ua_layers.py:13> XY(): 
<.xml_ua_layers.py:239> coordToPolygon(): 
	coordinates: 
	 1. (5428779.79, 1260106.64)
	 2. (5428926.86, 1260196.32)
	 3. (5428888.77, 1260251.91)
	 4. (5428738.27, 1260179.85)
	 5. (5428779.79, 1260106.64)
<.xml_ua_layers.py:298> get_full_name(): 
<.xml_ua_layers.py:298> get_full_name(): 
<.xml_ua_layers.py:383> importQuartal(): 
	Auth Head: Крук Ірина Вікторівна
<.xml_ua_layers.py:384> importQuartal(): 
	DKZR Head: Вишотравка Ігор Степанович
<.xml_ua_layers.py:249> importParcel(): 
<.xml_ua_layers.py:262> importParcel(): 
	parcel_id = 2802
<.xml_ua_layers.py:268> importParcel(): 
	.//Externals/Boundary/Lines
	<Element 'Lines' at 0x000002728077C270>
<.xml_ua_layers.py:178> linesToCoordinates(): 
	<Element 'Lines' at 0x000002728077C270>
<.xml_ua_layers.py:196> linesToCoordinates(): 
   ULID:
	"1" <Element 'Line' at 0x00000272807D93B0>
	"2" <Element 'Line' at 0x00000272807D9180>
	"3" <Element 'Line' at 0x00000272807D9950>
	"4" <Element 'Line' at 0x00000272807D9CC0>
<.xml_ua_layers.py:13> XY(): 
<.xml_ua_layers.py:13> XY(): 
<.xml_ua_layers.py:13> XY(): 
<.xml_ua_layers.py:13> XY(): 
<.xml_ua_layers.py:13> XY(): 
<.xml_ua_layers.py:277> importParcel(): 
	 external_coords: 
	 1. (5428779.79, 1260106.64)
	 2. (5428926.86, 1260196.32)
	 3. (5428888.77, 1260251.91)
	 4. (5428738.27, 1260179.85)
	 5. (5428779.79, 1260106.64)
<.xml_ua_layers.py:280> importParcel(): 
	.//Internals/Boundary/Lines
	<Element 'Lines' at 0x000002728077C270>
<.xml_ua_layers.py:13> XY(): 
<.xml_ua_layers.py:13> XY(): 
<.xml_ua_layers.py:13> XY(): 
<.xml_ua_layers.py:13> XY(): 
<.xml_ua_layers.py:13> XY(): 
<.xml_ua_layers.py:239> coordToPolygon(): 
	coordinates: 
	 1. (5428779.79, 1260106.64)
	 2. (5428926.86, 1260196.32)
	 3. (5428888.77, 1260251.91)
	 4. (5428738.27, 1260179.85)
	 5. (5428779.79, 1260106.64)
